<?xml version="1.0" encoding="UTF-8"?>
<testsuite name="com.evgenii.trello.tests.TeamDeletionTests" tests="1" skipped="0" failures="0" errors="0" timestamp="2020-04-30T18:27:30" hostname="DESKTOP-455G7QE" time="11.675">
  <properties/>
  <testcase name="testTeamDeletion" classname="com.evgenii.trello.tests.TeamDeletionTests" time="11.675"/>
  <system-out><![CDATA[ was: 11 now: 10
]]></system-out>
  <system-err><![CDATA[Starting ChromeDriver 81.0.4044.69 (6813546031a4bc83f717a2ef7cd4ac6ec1199132-refs/branch-heads/4044@{#776}) on port 22072
Only local connections are allowed.
Please protect ports used by ChromeDriver and related test frameworks to prevent access by malicious code.
апр 30, 2020 9:27:23 PM org.openqa.selenium.remote.ProtocolHandshake createSession
INFO: Detected dialect: W3C
[1588271246.079][SEVERE]: Timed out receiving message from renderer: 0.100
[1588271246.660][SEVERE]: Timed out receiving message from renderer: 0.100
[1588271246.976][SEVERE]: Timed out receiving message from renderer: 0.100
[1588271247.078][SEVERE]: Timed out receiving message from renderer: 0.100
[1588271247.329][SEVERE]: Timed out receiving message from renderer: 0.100
[1588271247.431][SEVERE]: Timed out receiving message from renderer: 0.100
[1588271247.652][SEVERE]: Timed out receiving message from renderer: 0.100
[1588271247.756][SEVERE]: Timed out receiving message from renderer: 0.100
[1588271254.163][SEVERE]: Timed out receiving message from renderer: 0.100
]]></system-err>
</testsuite>
