<?xml version="1.0" encoding="UTF-8"?>
<testsuite name="com.evgenii.trello.tests.BoardCreationTests" tests="1" skipped="0" failures="0" errors="0" timestamp="2020-05-24T20:07:58" hostname="DESKTOP-455G7QE" time="10.792">
  <properties/>
  <testcase name="testBoardCreation" classname="com.evgenii.trello.tests.BoardCreationTests" time="10.792"/>
  <system-out><![CDATA[]]></system-out>
  <system-err><![CDATA[[1590350881.303][SEVERE]: Timed out receiving message from renderer: 0.100
[1590350882.720][SEVERE]: Timed out receiving message from renderer: 0.100
[1590350882.822][SEVERE]: Timed out receiving message from renderer: 0.100
[1590350882.924][SEVERE]: Timed out receiving message from renderer: 0.100
[1590350883.034][SEVERE]: Timed out receiving message from renderer: 0.100
[1590350883.136][SEVERE]: Timed out receiving message from renderer: 0.100
[1590350883.239][SEVERE]: Timed out receiving message from renderer: 0.100
[1590350883.340][SEVERE]: Timed out receiving message from renderer: 0.100
[1590350883.442][SEVERE]: Timed out receiving message from renderer: 0.100
[1590350883.545][SEVERE]: Timed out receiving message from renderer: 0.100
[1590350883.655][SEVERE]: Timed out receiving message from renderer: 0.100
]]></system-err>
</testsuite>
