<?xml version="1.0" encoding="UTF-8"?>
<testsuite name="com.evgenii.trello.tests.TeamCreationsTests" tests="1" skipped="0" failures="0" errors="0" timestamp="2020-04-29T14:11:51" hostname="DESKTOP-455G7QE" time="13.106">
  <properties/>
  <testcase name="testCreationTeam" classname="com.evgenii.trello.tests.TeamCreationsTests" time="13.106"/>
  <system-out><![CDATA[]]></system-out>
  <system-err><![CDATA[Starting ChromeDriver 81.0.4044.69 (6813546031a4bc83f717a2ef7cd4ac6ec1199132-refs/branch-heads/4044@{#776}) on port 9462
Only local connections are allowed.
Please protect ports used by ChromeDriver and related test frameworks to prevent access by malicious code.
апр 29, 2020 5:11:46 PM org.openqa.selenium.remote.ProtocolHandshake createSession
INFO: Detected dialect: W3C
[1588169509.465][SEVERE]: Timed out receiving message from renderer: 0.100
[1588169510.002][SEVERE]: Timed out receiving message from renderer: 0.100
[1588169510.390][SEVERE]: Timed out receiving message from renderer: 0.100
[1588169510.822][SEVERE]: Timed out receiving message from renderer: 0.100
[1588169510.924][SEVERE]: Timed out receiving message from renderer: 0.100
[1588169511.128][SEVERE]: Timed out receiving message from renderer: 0.100
[1588169511.230][SEVERE]: Timed out receiving message from renderer: 0.100
[1588169511.331][SEVERE]: Timed out receiving message from renderer: 0.100
[1588169516.290][SEVERE]: Timed out receiving message from renderer: 0.100
]]></system-err>
</testsuite>
