<?xml version="1.0" encoding="UTF-8"?>
<testsuite name="com.evgenii.trello.tests.BoardDeletionTests" tests="1" skipped="0" failures="0" errors="0" timestamp="2020-05-24T20:08:09" hostname="DESKTOP-455G7QE" time="3.955">
  <properties/>
  <testcase name="testBoardDeletion" classname="com.evgenii.trello.tests.BoardDeletionTests" time="3.955"/>
  <system-out><![CDATA[]]></system-out>
  <system-err><![CDATA[]]></system-err>
</testsuite>
