<?xml version="1.0" encoding="UTF-8"?>
<testsuite name="com.evgenii.trello.tests.BoardCreationTests" tests="1" skipped="0" failures="0" errors="0" timestamp="2020-04-29T22:32:06" hostname="DESKTOP-455G7QE" time="12.078">
  <properties/>
  <testcase name="testBoardCreation" classname="com.evgenii.trello.tests.BoardCreationTests" time="12.078"/>
  <system-out><![CDATA[was: 47 now: 48
]]></system-out>
  <system-err><![CDATA[Starting ChromeDriver 81.0.4044.69 (6813546031a4bc83f717a2ef7cd4ac6ec1199132-refs/branch-heads/4044@{#776}) on port 10835
Only local connections are allowed.
Please protect ports used by ChromeDriver and related test frameworks to prevent access by malicious code.
апр 30, 2020 1:31:58 AM org.openqa.selenium.remote.ProtocolHandshake createSession
INFO: Detected dialect: W3C
[1588199521.486][SEVERE]: Timed out receiving message from renderer: 0.100
[1588199521.588][SEVERE]: Timed out receiving message from renderer: 0.100
[1588199522.168][SEVERE]: Timed out receiving message from renderer: 0.100
[1588199522.479][SEVERE]: Timed out receiving message from renderer: 0.100
[1588199522.674][SEVERE]: Timed out receiving message from renderer: 0.100
[1588199522.905][SEVERE]: Timed out receiving message from renderer: 0.100
[1588199523.006][SEVERE]: Timed out receiving message from renderer: 0.100
[1588199523.164][SEVERE]: Timed out receiving message from renderer: 0.100
[1588199523.265][SEVERE]: Timed out receiving message from renderer: 0.100
]]></system-err>
</testsuite>
